<?xml version="1.0" encoding="UTF-8"?>
<!-- Generated by org.testng.reporters.JUnitReportReporter -->
<testsuite skipped="0" hostname="LAPTOP-6FNG226P" name="runners.TestRunner" tests="1" failures="0" timestamp="2020-04-03T15:39:51 IST" time="76.696" errors="0">
  <testcase name="scenario" time="76.696" classname="runners.TestRunner"/>
</testsuite> <!-- runners.TestRunner -->
